This is XeTeX, Version 3.14159265-2.6-0.99998 (TeX Live 2017/Arch Linux) (preloaded format=xelatex 2017.9.9)  2 OCT 2017 13:13
entering extended mode
 restricted \write18 enabled.
 %&-line parsing enabled.
**latex/root.tex -shell-escape -interaction=nonstopmode -output-directory=/tmp/
vim-latex-live-preview-ezjg8mmx/home/jacques/repos/math3090/assignments/assignm
ent1/latex /tmp/vim-latex-live-preview-ezjg8mmx/home/jacques/repos/math3090/ass
ignments/assignment1/latex/root.tex

! Emergency stop.
<*> latex/root.tex 
                   -shell-escape -interaction=nonstopmode -output-directory=...
End of file on the terminal!

 
Here is how much of TeX's memory you used:
 2 strings out of 492998
 16 string characters out of 6139962
 61708 words of memory out of 5000000
 4084 multiletter control sequences out of 15000+600000
 3640 words of font info for 14 fonts, out of 8000000 for 9000
 1348 hyphenation exceptions out of 8191
 0i,0n,0p,1b,6s stack positions out of 5000i,500n,10000p,200000b,80000s
No pages of output.
